2022-02-20 13:01:59.414974000000 [77499(ThreadId 13)] ERROR APP - start debugging failed. user error (ExecResult not found.) : Left "user error (ExecResult not found.)"
2022-02-20 13:01:59.590833000000 [77499(ThreadId 15)] INFO WATCH - start watching /Users/dchege711/blog/content/computer-science/programming-challenges/advent-of-code/2021
2022-02-20 13:02:47.294875000000 [77499(ThreadId 13)] INFO APP - disconnect.
2022-02-20 13:02:47.296092000000 [77499(ThreadId 14)] INFO RESPONSE - disconnect. end of response thread.
2022-02-20 13:02:47.297429000000 [77499(ThreadId 11)] INFO HDA - some threads stopped. exit.
2022-02-20 13:04:40.219036000000 [78278(ThreadId 13)] ERROR APP - start debugging failed. user error (ExecResult not found.) : Left "user error (ExecResult not found.)"
2022-02-20 13:04:40.236032000000 [78278(ThreadId 15)] INFO WATCH - start watching /Users/dchege711/blog/content/computer-science/programming-challenges/advent-of-code/2021
2022-02-20 13:06:18.181922000000 [78278(ThreadId 13)] INFO APP - disconnect.
2022-02-20 13:06:18.183380000000 [78278(ThreadId 14)] INFO RESPONSE - disconnect. end of response thread.
2022-02-20 13:06:18.184894000000 [78278(ThreadId 11)] INFO HDA - some threads stopped. exit.
2022-02-20 13:06:29.930586000000 [80423(ThreadId 13)] ERROR APP - start debugging failed. user error (ExecResult not found.) : Left "user error (ExecResult not found.)"
2022-02-20 13:06:29.997291000000 [80423(ThreadId 15)] INFO WATCH - start watching /Users/dchege711/blog/content/computer-science/programming-challenges/advent-of-code/2021
2022-02-20 13:09:51.839905000000 [80423(ThreadId 13)] INFO APP - disconnect.
2022-02-20 13:09:51.842285000000 [80423(ThreadId 14)] INFO RESPONSE - disconnect. end of response thread.
2022-02-20 13:09:51.843904000000 [80423(ThreadId 11)] INFO HDA - some threads stopped. exit.
2022-02-20 13:10:15.316374000000 [80989(ThreadId 13)] ERROR APP - start debugging failed. user error (ExecResult not found.) : Left "user error (ExecResult not found.)"
2022-02-20 13:10:15.493869000000 [80989(ThreadId 15)] INFO WATCH - start watching /Users/dchege711/blog/content/computer-science/programming-challenges/advent-of-code/2021
2022-02-20 13:10:41.379004000000 [80989(ThreadId 13)] INFO APP - disconnect.
2022-02-20 13:10:41.380345000000 [80989(ThreadId 14)] INFO RESPONSE - disconnect. end of response thread.
2022-02-20 13:10:41.381969000000 [80989(ThreadId 11)] INFO HDA - some threads stopped. exit.
2022-02-20 13:14:42.566949000000 [82038(ThreadId 15)] INFO WATCH - start watching /Users/dchege711/blog/content/computer-science/programming-challenges/advent-of-code/2021
2022-02-20 13:14:42.585197000000 [82038(ThreadId 13)] ERROR APP - start debugging failed. user error (ExecResult not found.) : Left "user error (ExecResult not found.)"
2022-02-20 13:17:04.265770000000 [82038(ThreadId 13)] INFO APP - disconnect.
2022-02-20 13:17:04.267096000000 [82038(ThreadId 14)] INFO RESPONSE - disconnect. end of response thread.
2022-02-20 13:17:04.268333000000 [82038(ThreadId 11)] INFO HDA - some threads stopped. exit.
2022-02-20 13:17:08.404873000000 [82511(ThreadId 15)] INFO WATCH - start watching /Users/dchege711/blog/content/computer-science/programming-challenges/advent-of-code/2021
2022-02-20 13:17:08.487620000000 [82511(ThreadId 13)] INFO APP - ShutdownState does not support any request.
2022-02-20 13:17:08.492249000000 [82511(ThreadId 13)] INFO APP - disconnect.
2022-02-20 13:17:08.493620000000 [82511(ThreadId 14)] INFO RESPONSE - disconnect. end of response thread.
2022-02-20 13:17:08.495170000000 [82511(ThreadId 11)] INFO HDA - some threads stopped. exit.
2022-02-20 13:17:13.579558000000 [82707(ThreadId 15)] INFO WATCH - start watching /Users/dchege711/blog/content/computer-science/programming-challenges/advent-of-code/2021
2022-02-20 13:17:13.669140000000 [82707(ThreadId 13)] INFO APP - ShutdownState does not support any request.
2022-02-20 13:17:13.672640000000 [82707(ThreadId 13)] INFO APP - disconnect.
2022-02-20 13:17:13.673879000000 [82707(ThreadId 14)] INFO RESPONSE - disconnect. end of response thread.
2022-02-20 13:17:13.675550000000 [82707(ThreadId 11)] INFO HDA - some threads stopped. exit.
2022-02-20 13:17:39.791064000000 [82943(ThreadId 15)] INFO WATCH - start watching /Users/dchege711/blog/content/computer-science/programming-challenges/advent-of-code/2021
2022-02-20 13:20:23.813742000000 [82943(ThreadId 13)] ERROR APP - user error (no stacktrace found.)
2022-02-20 13:20:23.851962000000 [82943(ThreadId 13)] ERROR APP - user error (no stacktrace found.)
2022-02-20 13:20:37.252863000000 [82943(ThreadId 13)] ERROR APP - user error (ExecResult not found.)
2022-02-20 13:20:46.953267000000 [82943(ThreadId 13)] INFO APP - disconnect.
2022-02-20 13:20:46.954668000000 [82943(ThreadId 14)] INFO RESPONSE - disconnect. end of response thread.
2022-02-20 13:20:46.955850000000 [82943(ThreadId 11)] INFO HDA - some threads stopped. exit.
2022-02-20 13:46:17.078675000000 [86719(ThreadId 13)] ERROR APP - start debugging failed. user error (ExecResult not found.) : Left "user error (ExecResult not found.)"
2022-02-20 13:46:17.164715000000 [86719(ThreadId 15)] INFO WATCH - start watching /Users/dchege711/blog/content/computer-science/programming-challenges/advent-of-code/2021
2022-02-20 13:46:39.571872000000 [86719(ThreadId 13)] INFO APP - disconnect.
2022-02-20 13:46:39.573236000000 [86719(ThreadId 14)] INFO RESPONSE - disconnect. end of response thread.
2022-02-20 13:46:39.574377000000 [86719(ThreadId 11)] INFO HDA - some threads stopped. exit.
2022-02-20 13:47:57.308295000000 [87119(ThreadId 13)] ERROR APP - start debugging failed. user error (ExecResult not found.) : Left "user error (ExecResult not found.)"
2022-02-20 13:47:57.408869000000 [87119(ThreadId 15)] INFO WATCH - start watching /Users/dchege711/blog/content/computer-science/programming-challenges/advent-of-code/2021
2022-02-20 13:51:17.215340000000 [87119(ThreadId 13)] INFO APP - disconnect.
2022-02-20 13:51:17.216730000000 [87119(ThreadId 14)] INFO RESPONSE - disconnect. end of response thread.
2022-02-20 13:51:17.217922000000 [87119(ThreadId 11)] INFO HDA - some threads stopped. exit.
